<?xml version="1.0" encoding="UTF-8"?>
<persistence
  xsi:schemaLocation="http://java.sun.com/xml/ns/persistence http://java.sun.com/xml/ns/persistence/persistence_1_0.xsd"
  version="1.0" xmlns:xsi="http://www.w3.org/2001/XMLSchema-instance"
  xmlns="http://java.sun.com/xml/ns/persistence">
  <persistence-unit name="EventkalenderPU_Test">
    <provider>org.eclipse.persistence.jpa.PersistenceProvider</provider>
    <class>cali.eventkalender.model.Event</class>
    <class>cali.eventkalender.model.Nation</class>
    <class>cali.eventkalender.model.Person</class>
    <properties>
      <property name="javax.persistence.jdbc.url" value="jdbc:h2:mem:test"/>
      <property name="javax.persistence.jdbc.driver" value="org.h2.Driver"/>
      <property name="eclipselink.deploy-on-startup" value="true" />
      <property name="eclipselink.ddl-generation" value="create-or-extend-tables" />
      <property name="eclipselink.logging.level" value="INFO" />
      <property name="eclipselink.weaving" value="false" />
    </properties>
  </persistence-unit>
</persistence>